0 info it worked if it ends with ok
1 verbose cli [ 'node', '/usr/local/bin/npm', 'install', '-g', 'coffee-script' ]
2 info using npm@1.4.14
3 info using node@v0.10.29
4 verbose cache add [ 'coffee-script', null ]
5 verbose cache add name=undefined spec="coffee-script" args=["coffee-script",null]
6 verbose parsed url { protocol: null,
6 verbose parsed url   slashes: null,
6 verbose parsed url   auth: null,
6 verbose parsed url   host: null,
6 verbose parsed url   port: null,
6 verbose parsed url   hostname: null,
6 verbose parsed url   hash: null,
6 verbose parsed url   search: null,
6 verbose parsed url   query: null,
6 verbose parsed url   pathname: 'coffee-script',
6 verbose parsed url   path: 'coffee-script',
6 verbose parsed url   href: 'coffee-script' }
7 silly lockFile ab358269-coffee-script coffee-script
8 verbose lock coffee-script /Users/yushi/.npm/ab358269-coffee-script.lock
9 silly lockFile ab358269-coffee-script coffee-script
10 silly lockFile ab358269-coffee-script coffee-script
11 verbose addNamed [ 'coffee-script', '' ]
12 verbose addNamed [ null, '*' ]
13 silly lockFile 53951495-coffee-script coffee-script@
14 verbose lock coffee-script@ /Users/yushi/.npm/53951495-coffee-script.lock
15 silly addNameRange { name: 'coffee-script', range: '*', hasData: false }
16 verbose url raw coffee-script
17 verbose url resolving [ 'https://registry.npmjs.org/', './coffee-script' ]
18 verbose url resolved https://registry.npmjs.org/coffee-script
19 info trying registry request attempt 1 at 22:54:27
20 verbose etag "96BU3V8TD296G3BRMZ2FJ7O72"
21 http GET https://registry.npmjs.org/coffee-script
22 http 200 https://registry.npmjs.org/coffee-script
23 silly registry.get cb [ 200,
23 silly registry.get   { date: 'Thu, 05 Mar 2015 14:54:27 GMT',
23 silly registry.get     server: 'CouchDB/1.6.1 (Erlang OTP/R14B04)',
23 silly registry.get     etag: '"3MAD03Q9UI2M9FG4LQZVMWQV2"',
23 silly registry.get     'content-type': 'application/json',
23 silly registry.get     'cache-control': 'max-age=60',
23 silly registry.get     'content-length': '35901',
23 silly registry.get     'accept-ranges': 'bytes',
23 silly registry.get     via: '1.1 varnish',
23 silly registry.get     age: '3',
23 silly registry.get     'x-served-by': 'cache-nrt6126-NRT',
23 silly registry.get     'x-cache': 'HIT',
23 silly registry.get     'x-cache-hits': '1',
23 silly registry.get     'x-timer': 'S1425567267.423103,VS0,VE1',
23 silly registry.get     vary: 'Accept',
23 silly registry.get     'keep-alive': 'timeout=10, max=50',
23 silly registry.get     connection: 'Keep-Alive' } ]
24 silly addNameRange number 2 { name: 'coffee-script', range: '*', hasData: true }
25 silly addNameRange versions [ 'coffee-script',
25 silly addNameRange   [ '0.7.0',
25 silly addNameRange     '0.7.1',
25 silly addNameRange     '0.7.2',
25 silly addNameRange     '0.9.0',
25 silly addNameRange     '0.9.1',
25 silly addNameRange     '0.9.2',
25 silly addNameRange     '0.9.3',
25 silly addNameRange     '0.9.4',
25 silly addNameRange     '0.9.5',
25 silly addNameRange     '0.9.6',
25 silly addNameRange     '1.0.0',
25 silly addNameRange     '1.0.1',
25 silly addNameRange     '1.1.0',
25 silly addNameRange     '1.1.1',
25 silly addNameRange     '1.1.2',
25 silly addNameRange     '1.1.3',
25 silly addNameRange     '1.2.0',
25 silly addNameRange     '1.3.0',
25 silly addNameRange     '1.3.1',
25 silly addNameRange     '1.3.2',
25 silly addNameRange     '1.3.3',
25 silly addNameRange     '1.4.0',
25 silly addNameRange     '1.5.0',
25 silly addNameRange     '1.6.0',
25 silly addNameRange     '1.6.1',
25 silly addNameRange     '1.6.2',
25 silly addNameRange     '1.6.3',
25 silly addNameRange     '1.7.0',
25 silly addNameRange     '1.7.1',
25 silly addNameRange     '1.8.0',
25 silly addNameRange     '1.9.0',
25 silly addNameRange     '1.9.1' ] ]
26 verbose addNamed [ 'coffee-script', '1.9.1' ]
27 verbose addNamed [ '1.9.1', '1.9.1' ]
28 silly lockFile 98732453-coffee-script-1-9-1 coffee-script@1.9.1
29 verbose lock coffee-script@1.9.1 /Users/yushi/.npm/98732453-coffee-script-1-9-1.lock
30 silly lockFile 60df5a0a-e-script-coffee-script-1-9-1-tgz https://registry.npmjs.org/coffee-script/-/coffee-script-1.9.1.tgz
31 verbose lock https://registry.npmjs.org/coffee-script/-/coffee-script-1.9.1.tgz /Users/yushi/.npm/60df5a0a-e-script-coffee-script-1-9-1-tgz.lock
32 verbose addRemoteTarball [ 'https://registry.npmjs.org/coffee-script/-/coffee-script-1.9.1.tgz',
32 verbose addRemoteTarball   'c458d02200f460d064a79cb6ab1ee6e2c9ca1c31' ]
33 info retry fetch attempt 1 at 22:54:29
34 verbose fetch to= /var/folders/mf/25lnp2ld5zl2n0zmtbjnk45c0000gn/T/npm-12492-_abB63Vv/registry.npmjs.org/coffee-script/-/coffee-script-1.9.1.tgz
35 http GET https://registry.npmjs.org/coffee-script/-/coffee-script-1.9.1.tgz
36 http 200 https://registry.npmjs.org/coffee-script/-/coffee-script-1.9.1.tgz
37 silly lockFile 60df5a0a-e-script-coffee-script-1-9-1-tgz https://registry.npmjs.org/coffee-script/-/coffee-script-1.9.1.tgz
38 silly lockFile 60df5a0a-e-script-coffee-script-1-9-1-tgz https://registry.npmjs.org/coffee-script/-/coffee-script-1.9.1.tgz
39 silly lockFile 98732453-coffee-script-1-9-1 coffee-script@1.9.1
40 silly lockFile 98732453-coffee-script-1-9-1 coffee-script@1.9.1
41 silly lockFile 53951495-coffee-script coffee-script@
42 silly lockFile 53951495-coffee-script coffee-script@
43 silly resolved [ { name: 'coffee-script',
43 silly resolved     description: 'Unfancy JavaScript',
43 silly resolved     keywords: [ 'javascript', 'language', 'coffeescript', 'compiler' ],
43 silly resolved     author: { name: 'Jeremy Ashkenas' },
43 silly resolved     version: '1.9.1',
43 silly resolved     license: 'MIT',
43 silly resolved     engines: { node: '>=0.8.0' },
43 silly resolved     directories: { lib: './lib/coffee-script' },
43 silly resolved     main: './lib/coffee-script/coffee-script',
43 silly resolved     bin: { coffee: './bin/coffee', cake: './bin/cake' },
43 silly resolved     preferGlobal: true,
43 silly resolved     scripts:
43 silly resolved      { test: 'node ./bin/cake test',
43 silly resolved        'test-harmony': 'node --harmony ./bin/cake test' },
43 silly resolved     homepage: 'http://coffeescript.org',
43 silly resolved     bugs: { url: 'https://github.com/jashkenas/coffeescript/issues' },
43 silly resolved     repository:
43 silly resolved      { type: 'git',
43 silly resolved        url: 'git://github.com/jashkenas/coffeescript.git' },
43 silly resolved     devDependencies:
43 silly resolved      { 'uglify-js': '~2.2',
43 silly resolved        jison: '>=0.2.0',
43 silly resolved        'highlight.js': '~8.0.0',
43 silly resolved        underscore: '~1.5.2',
43 silly resolved        docco: '~0.7.0' },
43 silly resolved     gitHead: '533ad8afe920b2dbf64ffb00efda45648242cc24',
43 silly resolved     _id: 'coffee-script@1.9.1',
43 silly resolved     _shasum: 'c458d02200f460d064a79cb6ab1ee6e2c9ca1c31',
43 silly resolved     _from: 'coffee-script@',
43 silly resolved     _npmVersion: '1.4.28',
43 silly resolved     _npmUser: { name: 'jashkenas', email: 'jashkenas@gmail.com' },
43 silly resolved     maintainers: [ [Object], [Object] ],
43 silly resolved     dist:
43 silly resolved      { shasum: 'c458d02200f460d064a79cb6ab1ee6e2c9ca1c31',
43 silly resolved        tarball: 'http://registry.npmjs.org/coffee-script/-/coffee-script-1.9.1.tgz' },
43 silly resolved     _resolved: 'https://registry.npmjs.org/coffee-script/-/coffee-script-1.9.1.tgz' } ]
44 info install coffee-script@1.9.1 into /usr/local/lib
45 info installOne coffee-script@1.9.1
46 info /usr/local/lib/node_modules/coffee-script unbuild
47 verbose tar unpack /Users/yushi/.npm/coffee-script/1.9.1/package.tgz
48 silly lockFile 865d9b08-l-lib-node-modules-coffee-script tar:///usr/local/lib/node_modules/coffee-script
49 verbose lock tar:///usr/local/lib/node_modules/coffee-script /Users/yushi/.npm/865d9b08-l-lib-node-modules-coffee-script.lock
50 silly lockFile f3c70c2e--coffee-script-1-9-1-package-tgz tar:///Users/yushi/.npm/coffee-script/1.9.1/package.tgz
51 verbose lock tar:///Users/yushi/.npm/coffee-script/1.9.1/package.tgz /Users/yushi/.npm/f3c70c2e--coffee-script-1-9-1-package-tgz.lock
52 silly gunzTarPerm modes [ '755', '644' ]
53 error Error: EACCES, mkdir '/usr/local/lib/node_modules/coffee-script'
53 error  { [Error: EACCES, mkdir '/usr/local/lib/node_modules/coffee-script']
53 error   errno: 3,
53 error   code: 'EACCES',
53 error   path: '/usr/local/lib/node_modules/coffee-script',
53 error   fstream_type: 'Directory',
53 error   fstream_path: '/usr/local/lib/node_modules/coffee-script',
53 error   fstream_class: 'DirWriter',
53 error   fstream_stack:
53 error    [ '/usr/local/lib/node_modules/npm/node_modules/fstream/lib/dir-writer.js:36:23',
53 error      '/usr/local/lib/node_modules/npm/node_modules/mkdirp/index.js:37:53',
53 error      'Object.oncomplete (fs.js:107:15)' ] }
54 error Please try running this command again as root/Administrator.
55 error System Darwin 14.1.0
56 error command "node" "/usr/local/bin/npm" "install" "-g" "coffee-script"
57 error cwd /Users/yushi/Codes/Blog/stonefishy.github.io
58 error node -v v0.10.29
59 error npm -v 1.4.14
60 error path /usr/local/lib/node_modules/coffee-script
61 error fstream_path /usr/local/lib/node_modules/coffee-script
62 error fstream_type Directory
63 error fstream_class DirWriter
64 error code EACCES
65 error errno 3
66 error stack Error: EACCES, mkdir '/usr/local/lib/node_modules/coffee-script'
67 error fstream_stack /usr/local/lib/node_modules/npm/node_modules/fstream/lib/dir-writer.js:36:23
67 error fstream_stack /usr/local/lib/node_modules/npm/node_modules/mkdirp/index.js:37:53
67 error fstream_stack Object.oncomplete (fs.js:107:15)
68 verbose exit [ 3, true ]
